<?xml version="1.0" encoding="UTF-8"?>
<!-- Generated by org.testng.reporters.JUnitXMLReporter -->
<testsuite hostname="ws-43" ignored="0" name="Trivago Task2 Test" tests="6" failures="1" timestamp="25 May 2018 07:04:19 GMT" time="453.065" errors="0">
  <testcase name="verifyLocationSearchTest" time="10.887" classname="trigavo.task2.LocationSearchTest"/>
  <testcase name="verifyUserSubscriptionTest" time="12.529" classname="trigavo.task2.SubscriptionTest"/>
  <testcase name="verifyContactTest" time="23.276" classname="trigavo.task2.ContactTest">
    <failure type="com.google.common.base.VerifyException">
      <![CDATA[com.google.common.base.VerifyException
at com.google.common.base.Verify.verify(Verify.java:99)
at trigavo.task2.Contact.confirmSubmission(Contact.java:56)
at trigavo.task2.ContactTest.verifyContactTest(ContactTest.java:21)
... Removed 25 stack frames]]>
    </failure>
  </testcase> <!-- verifyContactTest -->
  <testcase name="verifyDestinationTest" time="10.502" classname="trigavo.task2.DestinationTest"/>
  <testcase name="verifyLocaleTest" time="17.805" classname="trigavo.task2.CountryTest"/>
  <testcase name="verifyLink404Error" time="304.388" classname="trigavo.task2.Link404CheckTest"/>
</testsuite> <!-- Trivago Task2 Test -->
